[dotenv@17.3.1] injecting env (4) from .env -- tip: ⚙️  enable debug logging with { debug: true }
QuestMap API running on port 5001
Pinecone index "questmap" ready.
RAG system initialized.
Connected to MongoDB Atlas
[2026-03-08T16:02:51.311Z] Generating Level Quiz for: "Machine Learning" 
[2026-03-08T16:03:00.435Z] Generated 5 quiz levels.
[2026-03-08T16:04:13.042Z] Profile generation for: "car"
[2026-03-08T16:04:22.702Z] Profile generated successfully.
[2026-03-08T16:04:22.707Z] Map generation for: "car"
[RAG DEBUG] Querying Pinecone for User: anonymous, Topic: "car"
[RAG DEBUG] Raw matches found: 0
[2026-03-08T16:04:23.299Z] Map RAG injected (0 source chunks, 0 context chunks).
[2026-03-08T16:04:52.501Z] Map generated with 10 nodes.
[2026-03-08T16:04:52.508Z] Recommendations for: "car"
[2026-03-08T16:04:53.191Z] RAG context injected (3 sessions, 0 doc chunks).
[2026-03-08T16:05:08.986Z] Generated 6 recommendations.
Stored session context: session_anonymous_1772985909156
[2026-03-08T16:05:36.891Z] Generating Level Quiz for: "car" 
[2026-03-08T16:05:36.897Z] Generating Level Quiz for: "car" 
[2026-03-08T16:05:43.622Z] Generated 5 quiz levels.
[2026-03-08T16:05:43.735Z] Generated 5 quiz levels.
[2026-03-08T16:09:28.491Z] Profile generation for: "Deep learning"
[2026-03-08T16:09:39.120Z] Profile generated successfully.
[2026-03-08T16:09:39.123Z] Map generation for: "Deep learning"
[RAG DEBUG] Querying Pinecone for User: FroW05HMsWVAU5BAl1XtQt7RLwc2, Topic: "Deep learning"
[RAG DEBUG] Raw matches found: 15
  - Match 0: Score: 0.6029, File: LLMVS+Appendix.pdf
  - Match 1: Score: 0.6017, File: A Survey of Video Datasets for Grounded Event Understanding.pdf
  - Match 2: Score: 0.6016, File: Lee_Video_Summarization_with_Large_Language_Models_CVPR_2025_paper.pdf
  - Match 3: Score: 0.6015, File: Lee_Video_Summarization_with_Large_Language_Models_CVPR_2025_paper.pdf
  - Match 4: Score: 0.5985, File: Lee_Video_Summarization_with_Large_Language_Models_CVPR_2025_paper.pdf
  - Match 5: Score: 0.5975, File: LLMVS+Appendix.pdf
  - Match 6: Score: 0.5943, File: LLMVS+Appendix.pdf
  - Match 7: Score: 0.5932, File: Lee_Video_Summarization_with_Large_Language_Models_CVPR_2025_paper.pdf
  - Match 8: Score: 0.5913, File: A Survey of Video Datasets for Grounded Event Understanding.pdf
  - Match 9: Score: 0.5894, File: LLMVS+Appendix.pdf
  - Match 10: Score: 0.5892, File: Lee_Video_Summarization_with_Large_Language_Models_CVPR_2025_paper.pdf
  - Match 11: Score: 0.5883, File: LLMVS+Appendix.pdf
  - Match 12: Score: 0.5880, File: LLMVS+Appendix.pdf
  - Match 13: Score: 0.5876, File: Lee_Video_Summarization_with_Large_Language_Models_CVPR_2025_paper.pdf
  - Match 14: Score: 0.5875, File: A Survey of Video Datasets for Grounded Event Understanding.pdf
[2026-03-08T16:09:39.691Z] Map RAG injected (0 source chunks, 0 context chunks).
[2026-03-08T16:10:12.190Z] Map generated with 9 nodes.
[2026-03-08T16:10:12.196Z] Recommendations for: "Deep learning"
[2026-03-08T16:10:12.871Z] RAG context injected (3 sessions, 3 doc chunks).
[2026-03-08T16:10:30.011Z] Generated 6 recommendations.
Stored session context: session_FroW05HMsWVAU5BAl1XtQt7RLwc2_1772986230170
[RAG DEBUG] Querying Pinecone for User: FroW05HMsWVAU5BAl1XtQt7RLwc2, Topic: "Deep learning Self-Supervised & Contrastive Learning"
[RAG DEBUG] Querying Pinecone for User: FroW05HMsWVAU5BAl1XtQt7RLwc2, Topic: "Deep learning Self-Supervised & Contrastive Learning"
[RAG DEBUG] Raw matches found: 5
  - Match 0: Score: 0.6532, File: Lee_Video_Summarization_with_Large_Language_Models_CVPR_2025_paper.pdf
  - Match 1: Score: 0.6266, File: LLMVS+Appendix.pdf
  - Match 2: Score: 0.6221, File: LLMVS+Appendix.pdf
  - Match 3: Score: 0.6190, File: Lee_Video_Summarization_with_Large_Language_Models_CVPR_2025_paper.pdf
  - Match 4: Score: 0.6189, File: A Survey of Video Datasets for Grounded Event Understanding.pdf
[2026-03-08T16:11:25.910Z] Resources for: "Self-Supervised & Contrastive Learning"
[RAG DEBUG] Raw matches found: 5
  - Match 0: Score: 0.6532, File: Lee_Video_Summarization_with_Large_Language_Models_CVPR_2025_paper.pdf
  - Match 1: Score: 0.6266, File: LLMVS+Appendix.pdf
  - Match 2: Score: 0.6221, File: LLMVS+Appendix.pdf
  - Match 3: Score: 0.6190, File: Lee_Video_Summarization_with_Large_Language_Models_CVPR_2025_paper.pdf
  - Match 4: Score: 0.6189, File: A Survey of Video Datasets for Grounded Event Understanding.pdf
[2026-03-08T16:11:25.913Z] Practice for: "Self-Supervised & Contrastive Learning"
[2026-03-08T16:11:43.945Z] Generated resources: 4 videos, 3 articles.
[2026-03-08T16:11:43.946Z] Resolving resource URLs...
[2026-03-08T16:11:45.767Z] All resource URLs resolved.
[2026-03-08T16:12:00.123Z] Generated 5 practice scenarios.
[2026-03-08T16:12:47.860Z] Generating Level Quiz for: "Deep learning" 
[2026-03-08T16:12:47.863Z] Generating Level Quiz for: "Deep learning" 
[2026-03-08T16:12:57.679Z] Generated 5 quiz levels.
[2026-03-08T16:12:58.288Z] Generated 5 quiz levels.
[2026-03-08T16:14:25.198Z] Profile generation for: "Deep learning"
[2026-03-08T16:14:34.749Z] Profile generated successfully.
[2026-03-08T16:14:34.753Z] Map generation for: "Deep learning"
[RAG DEBUG] Querying Pinecone for User: FroW05HMsWVAU5BAl1XtQt7RLwc2, Topic: "Deep learning"
[RAG DEBUG] Raw matches found: 15
  - Match 0: Score: 0.6029, File: LLMVS+Appendix.pdf
  - Match 1: Score: 0.6017, File: A Survey of Video Datasets for Grounded Event Understanding.pdf
  - Match 2: Score: 0.6016, File: Lee_Video_Summarization_with_Large_Language_Models_CVPR_2025_paper.pdf
  - Match 3: Score: 0.6015, File: Lee_Video_Summarization_with_Large_Language_Models_CVPR_2025_paper.pdf
  - Match 4: Score: 0.5985, File: Lee_Video_Summarization_with_Large_Language_Models_CVPR_2025_paper.pdf
  - Match 5: Score: 0.5975, File: LLMVS+Appendix.pdf
  - Match 6: Score: 0.5943, File: LLMVS+Appendix.pdf
  - Match 7: Score: 0.5932, File: Lee_Video_Summarization_with_Large_Language_Models_CVPR_2025_paper.pdf
  - Match 8: Score: 0.5913, File: A Survey of Video Datasets for Grounded Event Understanding.pdf
  - Match 9: Score: 0.5894, File: LLMVS+Appendix.pdf
  - Match 10: Score: 0.5892, File: Lee_Video_Summarization_with_Large_Language_Models_CVPR_2025_paper.pdf
  - Match 11: Score: 0.5883, File: LLMVS+Appendix.pdf
  - Match 12: Score: 0.5880, File: LLMVS+Appendix.pdf
  - Match 13: Score: 0.5876, File: Lee_Video_Summarization_with_Large_Language_Models_CVPR_2025_paper.pdf
  - Match 14: Score: 0.5875, File: A Survey of Video Datasets for Grounded Event Understanding.pdf
[2026-03-08T16:14:35.379Z] Map RAG injected (0 source chunks, 0 context chunks).
[2026-03-08T16:15:05.710Z] Map generated with 10 nodes.
[2026-03-08T16:17:50.698Z] Profile generation for: "Poetry"
[2026-03-08T16:18:01.239Z] Profile generated successfully.
[2026-03-08T16:18:01.249Z] Map generation for: "Poetry"
[RAG DEBUG] Querying Pinecone for User: FroW05HMsWVAU5BAl1XtQt7RLwc2, Topic: "Poetry"
[RAG DEBUG] Raw matches found: 15
  - Match 0: Score: 0.5400, File: LLMVS+Appendix.pdf
  - Match 1: Score: 0.5263, File: LLMVS+Appendix.pdf
  - Match 2: Score: 0.5171, File: LLMVS+Appendix.pdf
  - Match 3: Score: 0.5132, File: LLMVS+Appendix.pdf
  - Match 4: Score: 0.5099, File: Lee_Video_Summarization_with_Large_Language_Models_CVPR_2025_paper.pdf
  - Match 5: Score: 0.5086, File: LLMVS+Appendix.pdf
  - Match 6: Score: 0.5078, File: Lee_Video_Summarization_with_Large_Language_Models_CVPR_2025_paper.pdf
  - Match 7: Score: 0.5067, File: Lee_Video_Summarization_with_Large_Language_Models_CVPR_2025_paper.pdf
  - Match 8: Score: 0.5059, File: LLMVS+Appendix.pdf
  - Match 9: Score: 0.5055, File: LLMVS+Appendix.pdf
  - Match 10: Score: 0.5044, File: Lee_Video_Summarization_with_Large_Language_Models_CVPR_2025_paper.pdf
  - Match 11: Score: 0.5015, File: LLMVS+Appendix.pdf
  - Match 12: Score: 0.5013, File: Lee_Video_Summarization_with_Large_Language_Models_CVPR_2025_paper.pdf
  - Match 13: Score: 0.5007, File: LLMVS+Appendix.pdf
  - Match 14: Score: 0.5006, File: Lee_Video_Summarization_with_Large_Language_Models_CVPR_2025_paper.pdf
[2026-03-08T16:18:01.848Z] Map RAG injected (0 source chunks, 0 context chunks).
[2026-03-08T16:18:26.787Z] Map generated with 9 nodes.
[2026-03-08T16:18:26.794Z] Recommendations for: "Poetry"
[2026-03-08T16:18:27.470Z] RAG context injected (3 sessions, 3 doc chunks).
[2026-03-08T16:18:40.409Z] Generated 6 recommendations.
Stored session context: session_FroW05HMsWVAU5BAl1XtQt7RLwc2_1772986720573
[RAG DEBUG] Querying Pinecone for User: FroW05HMsWVAU5BAl1XtQt7RLwc2, Topic: "Poetry Mastering Poetic Imagery & Sensory Language"
[RAG DEBUG] Querying Pinecone for User: FroW05HMsWVAU5BAl1XtQt7RLwc2, Topic: "Poetry Mastering Poetic Imagery & Sensory Language"
[RAG DEBUG] Raw matches found: 5
  - Match 0: Score: 0.5564, File: Lee_Video_Summarization_with_Large_Language_Models_CVPR_2025_paper.pdf
  - Match 1: Score: 0.5538, File: LLMVS+Appendix.pdf
  - Match 2: Score: 0.5442, File: LLMVS+Appendix.pdf
  - Match 3: Score: 0.5442, File: Lee_Video_Summarization_with_Large_Language_Models_CVPR_2025_paper.pdf
  - Match 4: Score: 0.5439, File: Lee_Video_Summarization_with_Large_Language_Models_CVPR_2025_paper.pdf
[2026-03-08T16:19:19.162Z] Practice for: "Mastering Poetic Imagery & Sensory Language"
[RAG DEBUG] Raw matches found: 5
  - Match 0: Score: 0.5564, File: Lee_Video_Summarization_with_Large_Language_Models_CVPR_2025_paper.pdf
  - Match 1: Score: 0.5538, File: LLMVS+Appendix.pdf
  - Match 2: Score: 0.5442, File: LLMVS+Appendix.pdf
  - Match 3: Score: 0.5442, File: Lee_Video_Summarization_with_Large_Language_Models_CVPR_2025_paper.pdf
  - Match 4: Score: 0.5439, File: Lee_Video_Summarization_with_Large_Language_Models_CVPR_2025_paper.pdf
[2026-03-08T16:19:19.163Z] Resources for: "Mastering Poetic Imagery & Sensory Language"
[2026-03-08T16:19:32.220Z] Generated resources: 4 videos, 3 articles.
[2026-03-08T16:19:32.221Z] Resolving resource URLs...
[2026-03-08T16:19:33.847Z] All resource URLs resolved.
[2026-03-08T16:19:36.958Z] Generated 5 practice scenarios.
[2026-03-08T16:20:08.457Z] Generating Level Quiz for: "Poetry" 
[2026-03-08T16:20:08.552Z] Generating Level Quiz for: "Poetry" 
[2026-03-08T16:20:15.902Z] Generated 5 quiz levels.
[2026-03-08T16:20:16.257Z] Generated 5 quiz levels.
